{"total": {"lines":{"total":2841,"covered":1800,"skipped":0,"pct":63.35},"statements":{"total":2841,"covered":1800,"skipped":0,"pct":63.35},"functions":{"total":182,"covered":121,"skipped":0,"pct":66.48},"branches":{"total":469,"covered":413,"skipped":0,"pct":88.05},"branchesTrue":{"total":0,"covered":0,"skipped":0,"pct":100}}
,"/Users/henrique/Documents/dev/personal/bancada/web/src/app.tsx": {"lines":{"total":118,"covered":0,"skipped":0,"pct":0},"functions":{"total":1,"covered":0,"skipped":0,"pct":0},"statements":{"total":118,"covered":0,"skipped":0,"pct":0},"branches":{"total":1,"covered":0,"skipped":0,"pct":0}}
,"/Users/henrique/Documents/dev/personal/bancada/web/src/main.tsx": {"lines":{"total":16,"covered":0,"skipped":0,"pct":0},"functions":{"total":1,"covered":0,"skipped":0,"pct":0},"statements":{"total":16,"covered":0,"skipped":0,"pct":0},"branches":{"total":1,"covered":0,"skipped":0,"pct":0}}
,"/Users/henrique/Documents/dev/personal/bancada/web/src/components/badge.tsx": {"lines":{"total":24,"covered":24,"skipped":0,"pct":100},"functions":{"total":1,"covered":1,"skipped":0,"pct":100},"statements":{"total":24,"covered":24,"skipped":0,"pct":100},"branches":{"total":1,"covered":1,"skipped":0,"pct":100}}
,"/Users/henrique/Documents/dev/personal/bancada/web/src/components/button.tsx": {"lines":{"total":31,"covered":31,"skipped":0,"pct":100},"functions":{"total":1,"covered":1,"skipped":0,"pct":100},"statements":{"total":31,"covered":31,"skipped":0,"pct":100},"branches":{"total":2,"covered":1,"skipped":0,"pct":50}}
,"/Users/henrique/Documents/dev/personal/bancada/web/src/components/card.tsx": {"lines":{"total":17,"covered":13,"skipped":0,"pct":76.47},"functions":{"total":3,"covered":1,"skipped":0,"pct":33.33},"statements":{"total":17,"covered":13,"skipped":0,"pct":76.47},"branches":{"total":1,"covered":1,"skipped":0,"pct":100}}
,"/Users/henrique/Documents/dev/personal/bancada/web/src/components/code-block.tsx": {"lines":{"total":35,"covered":30,"skipped":0,"pct":85.71},"functions":{"total":2,"covered":1,"skipped":0,"pct":50},"statements":{"total":35,"covered":30,"skipped":0,"pct":85.71},"branches":{"total":5,"covered":4,"skipped":0,"pct":80}}
,"/Users/henrique/Documents/dev/personal/bancada/web/src/components/dialog.tsx": {"lines":{"total":50,"covered":5,"skipped":0,"pct":10},"functions":{"total":1,"covered":0,"skipped":0,"pct":0},"statements":{"total":50,"covered":5,"skipped":0,"pct":10},"branches":{"total":0,"covered":0,"skipped":0,"pct":100}}
,"/Users/henrique/Documents/dev/personal/bancada/web/src/components/disclosure.tsx": {"lines":{"total":28,"covered":28,"skipped":0,"pct":100},"functions":{"total":1,"covered":1,"skipped":0,"pct":100},"statements":{"total":28,"covered":28,"skipped":0,"pct":100},"branches":{"total":2,"covered":1,"skipped":0,"pct":50}}
,"/Users/henrique/Documents/dev/personal/bancada/web/src/components/facts.tsx": {"lines":{"total":12,"covered":12,"skipped":0,"pct":100},"functions":{"total":1,"covered":1,"skipped":0,"pct":100},"statements":{"total":12,"covered":12,"skipped":0,"pct":100},"branches":{"total":5,"covered":5,"skipped":0,"pct":100}}
,"/Users/henrique/Documents/dev/personal/bancada/web/src/components/index.ts": {"lines":{"total":1,"covered":1,"skipped":0,"pct":100},"functions":{"total":0,"covered":0,"skipped":0,"pct":100},"statements":{"total":1,"covered":1,"skipped":0,"pct":100},"branches":{"total":0,"covered":0,"skipped":0,"pct":100}}
,"/Users/henrique/Documents/dev/personal/bancada/web/src/components/input.tsx": {"lines":{"total":13,"covered":13,"skipped":0,"pct":100},"functions":{"total":1,"covered":1,"skipped":0,"pct":100},"statements":{"total":13,"covered":13,"skipped":0,"pct":100},"branches":{"total":1,"covered":1,"skipped":0,"pct":100}}
,"/Users/henrique/Documents/dev/personal/bancada/web/src/components/label.tsx": {"lines":{"total":4,"covered":4,"skipped":0,"pct":100},"functions":{"total":1,"covered":1,"skipped":0,"pct":100},"statements":{"total":4,"covered":4,"skipped":0,"pct":100},"branches":{"total":1,"covered":1,"skipped":0,"pct":100}}
,"/Users/henrique/Documents/dev/personal/bancada/web/src/components/pips.tsx": {"lines":{"total":20,"covered":20,"skipped":0,"pct":100},"functions":{"total":1,"covered":1,"skipped":0,"pct":100},"statements":{"total":20,"covered":20,"skipped":0,"pct":100},"branches":{"total":6,"covered":6,"skipped":0,"pct":100}}
,"/Users/henrique/Documents/dev/personal/bancada/web/src/components/row-button.tsx": {"lines":{"total":19,"covered":19,"skipped":0,"pct":100},"functions":{"total":1,"covered":1,"skipped":0,"pct":100},"statements":{"total":19,"covered":19,"skipped":0,"pct":100},"branches":{"total":4,"covered":4,"skipped":0,"pct":100}}
,"/Users/henrique/Documents/dev/personal/bancada/web/src/components/select.tsx": {"lines":{"total":61,"covered":61,"skipped":0,"pct":100},"functions":{"total":2,"covered":2,"skipped":0,"pct":100},"statements":{"total":61,"covered":61,"skipped":0,"pct":100},"branches":{"total":4,"covered":4,"skipped":0,"pct":100}}
,"/Users/henrique/Documents/dev/personal/bancada/web/src/components/text.tsx": {"lines":{"total":62,"covered":62,"skipped":0,"pct":100},"functions":{"total":4,"covered":4,"skipped":0,"pct":100},"statements":{"total":62,"covered":62,"skipped":0,"pct":100},"branches":{"total":5,"covered":5,"skipped":0,"pct":100}}
,"/Users/henrique/Documents/dev/personal/bancada/web/src/composites/banner.tsx": {"lines":{"total":24,"covered":23,"skipped":0,"pct":95.83},"functions":{"total":1,"covered":1,"skipped":0,"pct":100},"statements":{"total":24,"covered":23,"skipped":0,"pct":95.83},"branches":{"total":2,"covered":1,"skipped":0,"pct":50}}
,"/Users/henrique/Documents/dev/personal/bancada/web/src/composites/empty-state.tsx": {"lines":{"total":20,"covered":2,"skipped":0,"pct":10},"functions":{"total":1,"covered":0,"skipped":0,"pct":0},"statements":{"total":20,"covered":2,"skipped":0,"pct":10},"branches":{"total":0,"covered":0,"skipped":0,"pct":100}}
,"/Users/henrique/Documents/dev/personal/bancada/web/src/composites/field.tsx": {"lines":{"total":44,"covered":41,"skipped":0,"pct":93.18},"functions":{"total":3,"covered":3,"skipped":0,"pct":100},"statements":{"total":44,"covered":41,"skipped":0,"pct":93.18},"branches":{"total":6,"covered":5,"skipped":0,"pct":83.33}}
,"/Users/henrique/Documents/dev/personal/bancada/web/src/composites/index.ts": {"lines":{"total":1,"covered":1,"skipped":0,"pct":100},"functions":{"total":0,"covered":0,"skipped":0,"pct":100},"statements":{"total":1,"covered":1,"skipped":0,"pct":100},"branches":{"total":0,"covered":0,"skipped":0,"pct":100}}
,"/Users/henrique/Documents/dev/personal/bancada/web/src/composites/new-thing.tsx": {"lines":{"total":37,"covered":37,"skipped":0,"pct":100},"functions":{"total":1,"covered":1,"skipped":0,"pct":100},"statements":{"total":37,"covered":37,"skipped":0,"pct":100},"branches":{"total":9,"covered":9,"skipped":0,"pct":100}}
,"/Users/henrique/Documents/dev/personal/bancada/web/src/composites/notice.tsx": {"lines":{"total":21,"covered":7,"skipped":0,"pct":33.33},"functions":{"total":1,"covered":0,"skipped":0,"pct":0},"statements":{"total":21,"covered":7,"skipped":0,"pct":33.33},"branches":{"total":0,"covered":0,"skipped":0,"pct":100}}
,"/Users/henrique/Documents/dev/personal/bancada/web/src/composites/section.tsx": {"lines":{"total":16,"covered":16,"skipped":0,"pct":100},"functions":{"total":1,"covered":1,"skipped":0,"pct":100},"statements":{"total":16,"covered":16,"skipped":0,"pct":100},"branches":{"total":1,"covered":1,"skipped":0,"pct":100}}
,"/Users/henrique/Documents/dev/personal/bancada/web/src/core/appearance.ts": {"lines":{"total":37,"covered":30,"skipped":0,"pct":81.08},"functions":{"total":6,"covered":4,"skipped":0,"pct":66.66},"statements":{"total":37,"covered":30,"skipped":0,"pct":81.08},"branches":{"total":15,"covered":13,"skipped":0,"pct":86.66}}
,"/Users/henrique/Documents/dev/personal/bancada/web/src/core/attention.ts": {"lines":{"total":34,"covered":33,"skipped":0,"pct":97.05},"functions":{"total":6,"covered":5,"skipped":0,"pct":83.33},"statements":{"total":34,"covered":33,"skipped":0,"pct":97.05},"branches":{"total":18,"covered":18,"skipped":0,"pct":100}}
,"/Users/henrique/Documents/dev/personal/bancada/web/src/core/catalogue.ts": {"lines":{"total":10,"covered":10,"skipped":0,"pct":100},"functions":{"total":1,"covered":1,"skipped":0,"pct":100},"statements":{"total":10,"covered":10,"skipped":0,"pct":100},"branches":{"total":4,"covered":4,"skipped":0,"pct":100}}
,"/Users/henrique/Documents/dev/personal/bancada/web/src/core/language.ts": {"lines":{"total":44,"covered":41,"skipped":0,"pct":93.18},"functions":{"total":8,"covered":8,"skipped":0,"pct":100},"statements":{"total":44,"covered":41,"skipped":0,"pct":93.18},"branches":{"total":29,"covered":27,"skipped":0,"pct":93.1}}
,"/Users/henrique/Documents/dev/personal/bancada/web/src/core/monaco-theme.ts": {"lines":{"total":86,"covered":86,"skipped":0,"pct":100},"functions":{"total":4,"covered":4,"skipped":0,"pct":100},"statements":{"total":86,"covered":86,"skipped":0,"pct":100},"branches":{"total":9,"covered":9,"skipped":0,"pct":100}}
,"/Users/henrique/Documents/dev/personal/bancada/web/src/core/queue.ts": {"lines":{"total":36,"covered":36,"skipped":0,"pct":100},"functions":{"total":3,"covered":3,"skipped":0,"pct":100},"statements":{"total":36,"covered":36,"skipped":0,"pct":100},"branches":{"total":27,"covered":27,"skipped":0,"pct":100}}
,"/Users/henrique/Documents/dev/personal/bancada/web/src/core/review.ts": {"lines":{"total":39,"covered":35,"skipped":0,"pct":89.74},"functions":{"total":9,"covered":6,"skipped":0,"pct":66.66},"statements":{"total":39,"covered":35,"skipped":0,"pct":89.74},"branches":{"total":16,"covered":14,"skipped":0,"pct":87.5}}
,"/Users/henrique/Documents/dev/personal/bancada/web/src/core/settings.ts": {"lines":{"total":90,"covered":86,"skipped":0,"pct":95.55},"functions":{"total":11,"covered":5,"skipped":0,"pct":45.45},"statements":{"total":90,"covered":86,"skipped":0,"pct":95.55},"branches":{"total":47,"covered":39,"skipped":0,"pct":82.97}}
,"/Users/henrique/Documents/dev/personal/bancada/web/src/core/work.ts": {"lines":{"total":33,"covered":31,"skipped":0,"pct":93.93},"functions":{"total":6,"covered":3,"skipped":0,"pct":50},"statements":{"total":33,"covered":31,"skipped":0,"pct":93.93},"branches":{"total":21,"covered":21,"skipped":0,"pct":100}}
,"/Users/henrique/Documents/dev/personal/bancada/web/src/frame/bleed.tsx": {"lines":{"total":4,"covered":2,"skipped":0,"pct":50},"functions":{"total":1,"covered":0,"skipped":0,"pct":0},"statements":{"total":4,"covered":2,"skipped":0,"pct":50},"branches":{"total":0,"covered":0,"skipped":0,"pct":100}}
,"/Users/henrique/Documents/dev/personal/bancada/web/src/frame/grid.tsx": {"lines":{"total":15,"covered":15,"skipped":0,"pct":100},"functions":{"total":2,"covered":2,"skipped":0,"pct":100},"statements":{"total":15,"covered":15,"skipped":0,"pct":100},"branches":{"total":2,"covered":2,"skipped":0,"pct":100}}
,"/Users/henrique/Documents/dev/personal/bancada/web/src/frame/index.ts": {"lines":{"total":1,"covered":1,"skipped":0,"pct":100},"functions":{"total":0,"covered":0,"skipped":0,"pct":100},"statements":{"total":1,"covered":1,"skipped":0,"pct":100},"branches":{"total":0,"covered":0,"skipped":0,"pct":100}}
,"/Users/henrique/Documents/dev/personal/bancada/web/src/frame/inset.tsx": {"lines":{"total":22,"covered":20,"skipped":0,"pct":90.9},"functions":{"total":3,"covered":2,"skipped":0,"pct":66.66},"statements":{"total":22,"covered":20,"skipped":0,"pct":90.9},"branches":{"total":3,"covered":2,"skipped":0,"pct":66.66}}
,"/Users/henrique/Documents/dev/personal/bancada/web/src/frame/listing.tsx": {"lines":{"total":23,"covered":23,"skipped":0,"pct":100},"functions":{"total":3,"covered":3,"skipped":0,"pct":100},"statements":{"total":23,"covered":23,"skipped":0,"pct":100},"branches":{"total":5,"covered":5,"skipped":0,"pct":100}}
,"/Users/henrique/Documents/dev/personal/bancada/web/src/frame/mount.tsx": {"lines":{"total":4,"covered":2,"skipped":0,"pct":50},"functions":{"total":1,"covered":0,"skipped":0,"pct":0},"statements":{"total":4,"covered":2,"skipped":0,"pct":50},"branches":{"total":0,"covered":0,"skipped":0,"pct":100}}
,"/Users/henrique/Documents/dev/personal/bancada/web/src/frame/page.tsx": {"lines":{"total":12,"covered":2,"skipped":0,"pct":16.66},"functions":{"total":1,"covered":0,"skipped":0,"pct":0},"statements":{"total":12,"covered":2,"skipped":0,"pct":16.66},"branches":{"total":0,"covered":0,"skipped":0,"pct":100}}
,"/Users/henrique/Documents/dev/personal/bancada/web/src/frame/stack.tsx": {"lines":{"total":65,"covered":61,"skipped":0,"pct":93.84},"functions":{"total":4,"covered":2,"skipped":0,"pct":50},"statements":{"total":65,"covered":61,"skipped":0,"pct":93.84},"branches":{"total":5,"covered":3,"skipped":0,"pct":60}}
,"/Users/henrique/Documents/dev/personal/bancada/web/src/layouts/app-shell.tsx": {"lines":{"total":29,"covered":0,"skipped":0,"pct":0},"functions":{"total":1,"covered":0,"skipped":0,"pct":0},"statements":{"total":29,"covered":0,"skipped":0,"pct":0},"branches":{"total":1,"covered":0,"skipped":0,"pct":0}}
,"/Users/henrique/Documents/dev/personal/bancada/web/src/layouts/index.ts": {"lines":{"total":1,"covered":0,"skipped":0,"pct":0},"functions":{"total":1,"covered":0,"skipped":0,"pct":0},"statements":{"total":1,"covered":0,"skipped":0,"pct":0},"branches":{"total":1,"covered":0,"skipped":0,"pct":0}}
,"/Users/henrique/Documents/dev/personal/bancada/web/src/layouts/settings-dialog.tsx": {"lines":{"total":55,"covered":0,"skipped":0,"pct":0},"functions":{"total":1,"covered":0,"skipped":0,"pct":0},"statements":{"total":55,"covered":0,"skipped":0,"pct":0},"branches":{"total":1,"covered":0,"skipped":0,"pct":0}}
,"/Users/henrique/Documents/dev/personal/bancada/web/src/layouts/workbench.tsx": {"lines":{"total":23,"covered":0,"skipped":0,"pct":0},"functions":{"total":1,"covered":0,"skipped":0,"pct":0},"statements":{"total":23,"covered":0,"skipped":0,"pct":0},"branches":{"total":1,"covered":0,"skipped":0,"pct":0}}
,"/Users/henrique/Documents/dev/personal/bancada/web/src/lib/cn.ts": {"lines":{"total":4,"covered":4,"skipped":0,"pct":100},"functions":{"total":1,"covered":1,"skipped":0,"pct":100},"statements":{"total":4,"covered":4,"skipped":0,"pct":100},"branches":{"total":1,"covered":1,"skipped":0,"pct":100}}
,"/Users/henrique/Documents/dev/personal/bancada/web/src/lib/language.tsx": {"lines":{"total":10,"covered":7,"skipped":0,"pct":70},"functions":{"total":2,"covered":1,"skipped":0,"pct":50},"statements":{"total":10,"covered":7,"skipped":0,"pct":70},"branches":{"total":1,"covered":1,"skipped":0,"pct":100}}
,"/Users/henrique/Documents/dev/personal/bancada/web/src/pages/index.ts": {"lines":{"total":1,"covered":0,"skipped":0,"pct":0},"functions":{"total":1,"covered":0,"skipped":0,"pct":0},"statements":{"total":1,"covered":0,"skipped":0,"pct":0},"branches":{"total":1,"covered":0,"skipped":0,"pct":0}}
,"/Users/henrique/Documents/dev/personal/bancada/web/src/pages/_shared/back.tsx": {"lines":{"total":16,"covered":0,"skipped":0,"pct":0},"functions":{"total":1,"covered":0,"skipped":0,"pct":0},"statements":{"total":16,"covered":0,"skipped":0,"pct":0},"branches":{"total":1,"covered":0,"skipped":0,"pct":0}}
,"/Users/henrique/Documents/dev/personal/bancada/web/src/pages/_shared/elsewhere.tsx": {"lines":{"total":9,"covered":9,"skipped":0,"pct":100},"functions":{"total":1,"covered":1,"skipped":0,"pct":100},"statements":{"total":9,"covered":9,"skipped":0,"pct":100},"branches":{"total":2,"covered":2,"skipped":0,"pct":100}}
,"/Users/henrique/Documents/dev/personal/bancada/web/src/pages/_shared/index.ts": {"lines":{"total":1,"covered":0,"skipped":0,"pct":0},"functions":{"total":1,"covered":0,"skipped":0,"pct":0},"statements":{"total":1,"covered":0,"skipped":0,"pct":0},"branches":{"total":1,"covered":0,"skipped":0,"pct":0}}
,"/Users/henrique/Documents/dev/personal/bancada/web/src/pages/_shared/wip.tsx": {"lines":{"total":22,"covered":21,"skipped":0,"pct":95.45},"functions":{"total":1,"covered":1,"skipped":0,"pct":100},"statements":{"total":22,"covered":21,"skipped":0,"pct":95.45},"branches":{"total":10,"covered":9,"skipped":0,"pct":90}}
,"/Users/henrique/Documents/dev/personal/bancada/web/src/pages/cockpit/group.tsx": {"lines":{"total":66,"covered":65,"skipped":0,"pct":98.48},"functions":{"total":4,"covered":4,"skipped":0,"pct":100},"statements":{"total":66,"covered":65,"skipped":0,"pct":98.48},"branches":{"total":22,"covered":19,"skipped":0,"pct":86.36}}
,"/Users/henrique/Documents/dev/personal/bancada/web/src/pages/cockpit/logic.ts": {"lines":{"total":37,"covered":37,"skipped":0,"pct":100},"functions":{"total":3,"covered":3,"skipped":0,"pct":100},"statements":{"total":37,"covered":37,"skipped":0,"pct":100},"branches":{"total":9,"covered":9,"skipped":0,"pct":100}}
,"/Users/henrique/Documents/dev/personal/bancada/web/src/pages/cockpit/score.tsx": {"lines":{"total":21,"covered":21,"skipped":0,"pct":100},"functions":{"total":1,"covered":1,"skipped":0,"pct":100},"statements":{"total":21,"covered":21,"skipped":0,"pct":100},"branches":{"total":1,"covered":1,"skipped":0,"pct":100}}
,"/Users/henrique/Documents/dev/personal/bancada/web/src/pages/cockpit/view.tsx": {"lines":{"total":71,"covered":0,"skipped":0,"pct":0},"functions":{"total":1,"covered":0,"skipped":0,"pct":0},"statements":{"total":71,"covered":0,"skipped":0,"pct":0},"branches":{"total":1,"covered":0,"skipped":0,"pct":0}}
,"/Users/henrique/Documents/dev/personal/bancada/web/src/pages/files/code.tsx": {"lines":{"total":103,"covered":33,"skipped":0,"pct":32.03},"functions":{"total":4,"covered":2,"skipped":0,"pct":50},"statements":{"total":103,"covered":33,"skipped":0,"pct":32.03},"branches":{"total":8,"covered":7,"skipped":0,"pct":87.5}}
,"/Users/henrique/Documents/dev/personal/bancada/web/src/pages/files/tree.tsx": {"lines":{"total":66,"covered":66,"skipped":0,"pct":100},"functions":{"total":5,"covered":5,"skipped":0,"pct":100},"statements":{"total":66,"covered":66,"skipped":0,"pct":100},"branches":{"total":22,"covered":21,"skipped":0,"pct":95.45}}
,"/Users/henrique/Documents/dev/personal/bancada/web/src/pages/files/view.tsx": {"lines":{"total":27,"covered":0,"skipped":0,"pct":0},"functions":{"total":1,"covered":0,"skipped":0,"pct":0},"statements":{"total":27,"covered":0,"skipped":0,"pct":0},"branches":{"total":1,"covered":0,"skipped":0,"pct":0}}
,"/Users/henrique/Documents/dev/personal/bancada/web/src/pages/review/diff.tsx": {"lines":{"total":56,"covered":56,"skipped":0,"pct":100},"functions":{"total":4,"covered":3,"skipped":0,"pct":75},"statements":{"total":56,"covered":56,"skipped":0,"pct":100},"branches":{"total":16,"covered":16,"skipped":0,"pct":100}}
,"/Users/henrique/Documents/dev/personal/bancada/web/src/pages/review/intent.tsx": {"lines":{"total":27,"covered":27,"skipped":0,"pct":100},"functions":{"total":1,"covered":1,"skipped":0,"pct":100},"statements":{"total":27,"covered":27,"skipped":0,"pct":100},"branches":{"total":6,"covered":6,"skipped":0,"pct":100}}
,"/Users/henrique/Documents/dev/personal/bancada/web/src/pages/review/logic.ts": {"lines":{"total":23,"covered":11,"skipped":0,"pct":47.82},"functions":{"total":2,"covered":1,"skipped":0,"pct":50},"statements":{"total":23,"covered":11,"skipped":0,"pct":47.82},"branches":{"total":4,"covered":4,"skipped":0,"pct":100}}
,"/Users/henrique/Documents/dev/personal/bancada/web/src/pages/review/view.tsx": {"lines":{"total":39,"covered":0,"skipped":0,"pct":0},"functions":{"total":1,"covered":0,"skipped":0,"pct":0},"statements":{"total":39,"covered":0,"skipped":0,"pct":0},"branches":{"total":1,"covered":0,"skipped":0,"pct":0}}
,"/Users/henrique/Documents/dev/personal/bancada/web/src/pages/settings/appearance.tsx": {"lines":{"total":54,"covered":54,"skipped":0,"pct":100},"functions":{"total":3,"covered":3,"skipped":0,"pct":100},"statements":{"total":54,"covered":54,"skipped":0,"pct":100},"branches":{"total":8,"covered":8,"skipped":0,"pct":100}}
,"/Users/henrique/Documents/dev/personal/bancada/web/src/pages/settings/language.tsx": {"lines":{"total":73,"covered":73,"skipped":0,"pct":100},"functions":{"total":4,"covered":3,"skipped":0,"pct":75},"statements":{"total":73,"covered":73,"skipped":0,"pct":100},"branches":{"total":11,"covered":10,"skipped":0,"pct":90.9}}
,"/Users/henrique/Documents/dev/personal/bancada/web/src/pages/settings/logic.ts": {"lines":{"total":65,"covered":31,"skipped":0,"pct":47.69},"functions":{"total":5,"covered":3,"skipped":0,"pct":60},"statements":{"total":65,"covered":31,"skipped":0,"pct":47.69},"branches":{"total":13,"covered":13,"skipped":0,"pct":100}}
,"/Users/henrique/Documents/dev/personal/bancada/web/src/pages/settings/machines.tsx": {"lines":{"total":137,"covered":0,"skipped":0,"pct":0},"functions":{"total":1,"covered":0,"skipped":0,"pct":0},"statements":{"total":137,"covered":0,"skipped":0,"pct":0},"branches":{"total":1,"covered":0,"skipped":0,"pct":0}}
,"/Users/henrique/Documents/dev/personal/bancada/web/src/pages/settings/projects.tsx": {"lines":{"total":209,"covered":184,"skipped":0,"pct":88.03},"functions":{"total":15,"covered":7,"skipped":0,"pct":46.66},"statements":{"total":209,"covered":184,"skipped":0,"pct":88.03},"branches":{"total":29,"covered":22,"skipped":0,"pct":75.86}}
,"/Users/henrique/Documents/dev/personal/bancada/web/src/pages/settings/view.tsx": {"lines":{"total":83,"covered":0,"skipped":0,"pct":0},"functions":{"total":1,"covered":0,"skipped":0,"pct":0},"statements":{"total":83,"covered":0,"skipped":0,"pct":0},"branches":{"total":1,"covered":0,"skipped":0,"pct":0}}
,"/Users/henrique/Documents/dev/personal/bancada/web/src/pages/settings/workspaces.tsx": {"lines":{"total":133,"covered":130,"skipped":0,"pct":97.74},"functions":{"total":12,"covered":10,"skipped":0,"pct":83.33},"statements":{"total":133,"covered":130,"skipped":0,"pct":97.74},"branches":{"total":32,"covered":27,"skipped":0,"pct":84.37}}
,"/Users/henrique/Documents/dev/personal/bancada/web/src/pages/work/logic.ts": {"lines":{"total":20,"covered":7,"skipped":0,"pct":35},"functions":{"total":2,"covered":1,"skipped":0,"pct":50},"statements":{"total":20,"covered":7,"skipped":0,"pct":35},"branches":{"total":3,"covered":3,"skipped":0,"pct":100}}
,"/Users/henrique/Documents/dev/personal/bancada/web/src/pages/work/view.tsx": {"lines":{"total":131,"covered":0,"skipped":0,"pct":0},"functions":{"total":1,"covered":0,"skipped":0,"pct":0},"statements":{"total":131,"covered":0,"skipped":0,"pct":0},"branches":{"total":1,"covered":0,"skipped":0,"pct":0}}
}
